19:25:02.259 [main                     ] DEBUG Logger               - Configured Logger
19:25:02.293 [main                     ] DEBUG GameApplication      - Logging settings
Title: Taquería El Mike
Version: 1.0
Width: 1200
Height: 800
Fullscreen: false
Intro: false
Profiling: false
Single step:false
App Mode: DEVELOPER
Menu Key: ESCAPE
Stage Style: DECORATED
Scene Factory: class com.almasb.fxgl.app.scene.SceneFactory

19:25:03.490 [JavaFX Application Thread] DEBUG FXGLApplication      - Initializing FXGL
19:25:03.499 [JavaFX Application Thread] INFO  Engine               - FXGL-17.3 (30.03.2023 11.49) on WINDOWS (J:17.0.10 FX:20)
19:25:03.500 [JavaFX Application Thread] DEBUG Engine               - JRE Vendor Name: Eclipse Adoptium
19:25:03.500 [JavaFX Application Thread] DEBUG Engine               - Running on OS: Windows 11 version 10.0
19:25:03.500 [JavaFX Application Thread] DEBUG Engine               - Architecture: amd64
19:25:03.500 [JavaFX Application Thread] INFO  Engine               - Source code and latest versions at: https://github.com/AlmasB/FXGL
19:25:03.500 [JavaFX Application Thread] INFO  Engine               -       Ask questions and discuss at: https://github.com/AlmasB/FXGL/discussions
19:25:03.501 [JavaFX Application Thread] INFO  Engine               -              Join the FXGL chat at: https://gitter.im/AlmasB/FXGL
19:25:03.763 [JavaFX Application Thread] DEBUG PrimaryStageWindow   - Creating a JavaFX scene
19:25:03.878 [JavaFX Application Thread] DEBUG PrimaryStageWindow   - Target settings size: 1200.0 x 800.0
19:25:03.878 [JavaFX Application Thread] DEBUG PrimaryStageWindow   - Scaled scene size:    1200.0 x 800.0
19:25:03.879 [JavaFX Application Thread] DEBUG PrimaryStageWindow   - Scaled ratio: (1.0, 1.0)
19:25:03.880 [JavaFX Application Thread] DEBUG PrimaryStageWindow   - Set initial scene to FXGLStartupScene
19:25:03.887 [JavaFX Application Thread] DEBUG PrimaryStageWindow   - Opening main window
19:25:04.052 [JavaFX Application Thread] DEBUG PrimaryStageWindow   - Window border size: (16.0, 39.0)
19:25:04.053 [JavaFX Application Thread] DEBUG PrimaryStageWindow   - Scaled size: 1200.0 x 800.0
19:25:04.053 [JavaFX Application Thread] DEBUG PrimaryStageWindow   - Scaled ratio: (1.0, 1.0)
19:25:04.053 [JavaFX Application Thread] DEBUG PrimaryStageWindow   - Scene size: 1200.0 x 800.0
19:25:04.054 [JavaFX Application Thread] DEBUG PrimaryStageWindow   - Stage size: 1216.0 x 839.0
19:25:04.065 [FXGL Background Thread 1 ] DEBUG Engine               - Initializing environment variables
19:25:04.118 [FXGL Background Thread 1 ] DEBUG FXGLAssetLoaderServi - User app class for loading assets: class com.simulador.views.GameApp
19:25:04.118 [FXGL Background Thread 1 ] DEBUG GameApplicationServi - Applying CSS: fxgl_dark.css
19:25:04.120 [FXGL Background Thread 1 ] DEBUG FXGLAssetLoaderServi - Loading from file system: jar:file:/C:/Users/kenog/.m2/repository/com/github/almasb/fxgl/17.3/fxgl-17.3.jar!/fxglassets/ui/css/fxgl_dark.css
19:25:04.212 [FXGL Background Thread 1 ] DEBUG GameApplicationServi - Initializing application scenes
19:25:04.281 [FXGL Background Thread 1 ] DEBUG GameWorld            - Game world initialized
19:25:04.409 [FXGL Background Thread 1 ] DEBUG PhysicsWorld         - Physics world initialized: appHeight=800, physics.ppm=50.0
19:25:04.410 [FXGL Background Thread 1 ] DEBUG PhysicsWorld         - Using strategy: BRUTE_FORCE
19:25:04.417 [FXGL Background Thread 1 ] DEBUG GameScene            - Game scene initialized: 1200x800
19:25:04.445 [FXGL Background Thread 1 ] DEBUG FXGL.DefaultMenu     - createMenuBodyGameMenu()
19:25:04.481 [FXGL Background Thread 1 ] DEBUG FXGL.DefaultMenu     - createOptionsMenu()
19:25:04.505 [FXGL Background Thread 1 ] DEBUG FXGLAssetLoaderServi - Loading from file system: jar:file:/C:/Users/kenog/.m2/repository/com/github/almasb/fxgl/17.3/fxgl-17.3.jar!/fxglassets/textures/particles/smoke.png
19:25:04.677 [FXGL Background Thread 1 ] DEBUG FXGLAssetLoaderServi - Loading from file system: jar:file:/C:/Users/kenog/.m2/repository/com/github/almasb/fxgl/17.3/fxgl-17.3.jar!/fxglassets/textures/particles/trace_horizontal.png
19:25:04.737 [FXGL Background Thread 1 ] DEBUG GameApplicationServi - Application scenes initialized
19:25:04.763 [FXGL Background Thread 1 ] DEBUG SystemBundleService  - Loading FXGL system data
19:25:04.765 [FXGL Background Thread 1 ] WARN  SystemBundleService  - Failed to load: java.io.FileNotFoundException: C:\Users\kenog\IdeaProjects\223194_223730_SimuladorTaqueria\system\fxgl.bundle (El sistema no puede encontrar el archivo especificado)
19:25:04.766 [FXGL Background Thread 1 ] DEBUG SystemBundleService  - Loading default FXGL system data
19:25:04.767 [FXGL Background Thread 1 ] DEBUG UpdaterService       - Checking for updates
19:25:04.775 [FXGL Background Thread 4 ] DEBUG FXGLApplication      - Loading fonts
19:25:04.777 [FXGL Background Thread 4 ] DEBUG FXGLAssetLoaderServi - Loading from file system: jar:file:/C:/Users/kenog/.m2/repository/com/github/almasb/fxgl/17.3/fxgl-17.3.jar!/fxglassets/ui/fonts/VarelaRound-Regular.ttf
19:25:04.779 [FXGL Background Thread 1 ] DEBUG FXGLApplication      - Loading default localization
19:25:04.781 [FXGL Background Thread 1 ] DEBUG FXGLAssetLoaderServi - Loading from file system: jar:file:/C:/Users/kenog/.m2/repository/com/github/almasb/fxgl/17.3/fxgl-17.3.jar!/fxglassets/languages/english.lang
19:25:04.798 [FXGL Background Thread 4 ] DEBUG FXGLAssetLoaderServi - Loading from file system: jar:file:/C:/Users/kenog/.m2/repository/com/github/almasb/fxgl/17.3/fxgl-17.3.jar!/fxglassets/ui/fonts/Abel-Regular.ttf
19:25:04.805 [FXGL Background Thread 4 ] DEBUG FXGLAssetLoaderServi - Loading from file system: jar:file:/C:/Users/kenog/.m2/repository/com/github/almasb/fxgl/17.3/fxgl-17.3.jar!/fxglassets/ui/fonts/TerminalLandMono-Regular.otf
19:25:04.811 [FXGL Background Thread 4 ] DEBUG FXGLAssetLoaderServi - Loading from file system: jar:file:/C:/Users/kenog/.m2/repository/com/github/almasb/fxgl/17.3/fxgl-17.3.jar!/fxglassets/ui/fonts/Courier-Prime.ttf
19:25:04.823 [JavaFX Application Thread] DEBUG FXGLApplication      - Registering font factories with UI factory
19:25:04.823 [FXGL Background Thread 1 ] INFO  FXGLApplication      - FXGL initialization took: 0.757 sec
19:25:04.827 [JavaFX Application Thread] DEBUG FXGLAssetLoaderServi - Loading from file system: jar:file:/C:/Users/kenog/.m2/repository/com/github/almasb/fxgl/17.3/fxgl-17.3.jar!/fxglassets/textures/fxgl_icon.png
19:25:04.882 [JavaFX Application Thread] DEBUG FXGLAssetLoaderServi - Loading from file system: jar:file:/C:/Users/kenog/.m2/repository/com/github/almasb/fxgl/17.3/fxgl-17.3.jar!/fxglassets/textures/fxgl_default_cursor.png
19:25:04.905 [JavaFX Application Thread] DEBUG Input                - Registered new binding: Screenshot - CTRL+8
19:25:04.906 [JavaFX Application Thread] DEBUG Input                - Registered new binding: System info dump - CTRL+9
19:25:04.908 [JavaFX Application Thread] DEBUG Input                - Registered new binding: Restart - CTRL+R
19:25:04.909 [JavaFX Application Thread] DEBUG Input                - Registered new binding: Toggle Debug Camera - CTRL+7
19:25:04.915 [JavaFX Application Thread] DEBUG LoopRunner           - Starting loop
19:25:04.921 [JavaFX Application Thread] DEBUG LoopRunner           - Initializing JavaFX AnimationTimerLoop
19:25:04.924 [JavaFX Application Thread] DEBUG GameApplicationServi - Starting new game
19:25:04.925 [JavaFX Application Thread] DEBUG Input                - Clearing active input actions
19:25:04.949 [JavaFX Application Thread] DEBUG GameApplicationServi - Removing overlay from FXGLStartupScene and adding to FXGLLoadingScene
19:25:04.950 [JavaFX Application Thread] DEBUG PrimaryStageWindow   - FXGLStartupScene -> FXGLLoadingScene
19:25:04.950 [JavaFX Application Thread] DEBUG GameApplicationServi - Clearing previous game
19:25:04.950 [JavaFX Application Thread] DEBUG GameScene            - Clearing game scene
19:25:04.950 [JavaFX Application Thread] DEBUG GameWorld            - Clearing game world
19:25:04.950 [JavaFX Application Thread] DEBUG PhysicsWorld         - Clearing physics world
19:25:04.954 [FXGL Background Thread 1 ] DEBUG FXGLApplication      - Initializing game
19:25:05.051 [JavaFX Application Thread] DEBUG LoopRunner           - Stopping loop
19:25:05.054 [JavaFX Application Thread] FATAL FXGLApplication      - Uncaught Exception:
java.lang.RuntimeException: Initialization failed
	at com.almasb.fxgl.app.FXGLApplication$InitAppTask.failed(FXGLApplication.kt:343)
	at javafx.concurrent.Task.setState(Task.java:710)
	at javafx.concurrent.Task$TaskCallable.lambda$call$2(Task.java:1456)
	at com.sun.javafx.application.PlatformImpl.lambda$runLater$10(PlatformImpl.java:456)
	at java.base/java.security.AccessController.doPrivileged(AccessController.java:399)
	at com.sun.javafx.application.PlatformImpl.lambda$runLater$11(PlatformImpl.java:455)
	at com.sun.glass.ui.InvokeLaterDispatcher$Future.run(InvokeLaterDispatcher.java:95)
	at com.sun.glass.ui.win.WinApplication._runLoop(Native Method)
	at com.sun.glass.ui.win.WinApplication.lambda$runLoop$3(WinApplication.java:185)
	at java.base/java.lang.Thread.run(Thread.java:840)
Caused by: java.lang.IllegalArgumentException: Invalid color specification
	at javafx.scene.paint.Color.web(Color.java:397)
	at javafx.scene.paint.Color.web(Color.java:646)
	at com.simulador.views.GameApp.initGame(GameApp.java:50)
	at com.almasb.fxgl.app.FXGLApplication$InitAppTask.initGame(FXGLApplication.kt:339)
	at com.almasb.fxgl.app.FXGLApplication$InitAppTask.call(FXGLApplication.kt:319)
	at com.almasb.fxgl.app.FXGLApplication$InitAppTask.call(FXGLApplication.kt:311)
	at javafx.concurrent.Task$TaskCallable.call(Task.java:1426)
	at java.base/java.util.concurrent.FutureTask.run(FutureTask.java:264)
	at java.base/java.util.concurrent.Executors$RunnableAdapter.call(Executors.java:539)
	at java.base/java.util.concurrent.FutureTask.run(FutureTask.java:264)
	at java.base/java.util.concurrent.ThreadPoolExecutor.runWorker(ThreadPoolExecutor.java:1136)
	at java.base/java.util.concurrent.ThreadPoolExecutor$Worker.run(ThreadPoolExecutor.java:635)
	... 1 more

19:25:05.054 [JavaFX Application Thread] FATAL FXGLApplication      - Application will now exit
19:25:05.097 [JavaFX Application Thread] DEBUG PrimaryStageWindow   - Push state: ErrorSubScene
19:25:05.098 [JavaFX Application Thread] DEBUG Input                - Clearing active input actions
19:25:05.114 [JavaFX Application Thread] DEBUG GameApplicationServi - Removing overlay from FXGLLoadingScene and adding to ErrorSubScene
19:25:05.115 [JavaFX Application Thread] DEBUG PrimaryStageWindow   - FXGLLoadingScene -> ErrorSubScene
19:25:07.773 [FXGL Background Thread 3 ] DEBUG Engine               - Logging environment variables
19:25:07.774 [FXGL Background Thread 3 ] DEBUG Engine               - achievements: []
19:25:07.774 [FXGL Background Thread 3 ] DEBUG Engine               - actualHeight: 800.0
19:25:07.774 [FXGL Background Thread 3 ] DEBUG Engine               - actualHeightProperty: ReadOnlyDoubleProperty [value: 800.0]
19:25:07.774 [FXGL Background Thread 3 ] DEBUG Engine               - actualWidth: 1200.0
19:25:07.774 [FXGL Background Thread 3 ] DEBUG Engine               - actualWidthProperty: ReadOnlyDoubleProperty [value: 1200.0]
19:25:07.774 [FXGL Background Thread 3 ] DEBUG Engine               - appIcon: fxgl_icon.png
19:25:07.774 [FXGL Background Thread 3 ] DEBUG Engine               - applicationMode: DEVELOPER
19:25:07.776 [FXGL Background Thread 3 ] DEBUG Engine               - cSSList: [fxgl_dark.css]
19:25:07.776 [FXGL Background Thread 3 ] DEBUG Engine               - collisionDetectionStrategy: BRUTE_FORCE
19:25:07.776 [FXGL Background Thread 3 ] DEBUG Engine               - configClass: Optional.empty
19:25:07.776 [FXGL Background Thread 3 ] DEBUG Engine               - credits: []
19:25:07.777 [FXGL Background Thread 3 ] DEBUG Engine               - defaultCursor: CursorInfo(imageName=fxgl_default_cursor.png, hotspotX=7.0, hotspotY=6.0)
19:25:07.777 [FXGL Background Thread 3 ] DEBUG Engine               - devBBoxColorProperty: ObjectProperty [value: 0xff0000ff]
19:25:07.777 [FXGL Background Thread 3 ] DEBUG Engine               - devEnableDebugCameraProperty: BooleanProperty [value: false]
19:25:07.777 [FXGL Background Thread 3 ] DEBUG Engine               - devSensorColorProperty: ObjectProperty [value: 0xffff00ff]
19:25:07.777 [FXGL Background Thread 3 ] DEBUG Engine               - devShowBBoxProperty: BooleanProperty [value: false]
19:25:07.779 [FXGL Background Thread 3 ] DEBUG Engine               - devShowPositionProperty: BooleanProperty [value: false]
19:25:07.779 [FXGL Background Thread 3 ] DEBUG Engine               - enabledMenuItems: []
19:25:07.779 [FXGL Background Thread 3 ] DEBUG Engine               - engineServices: [class com.almasb.fxgl.app.services.FXGLAssetLoaderService, class com.almasb.fxgl.app.FXGLApplication$GameApplicationService, class com.almasb.fxgl.app.services.FXGLDialogService, class com.almasb.fxgl.app.services.IOTaskExecutorService, class com.almasb.fxgl.io.FileSystemService, class com.almasb.fxgl.localization.LocalizationService, class com.almasb.fxgl.app.services.SystemBundleService, class com.almasb.fxgl.profile.SaveLoadService, class com.almasb.fxgl.ui.FXGLUIFactoryServiceProvider, class com.almasb.fxgl.ui.FXGLDialogFactoryServiceProvider, class com.almasb.fxgl.audio.AudioPlayer, class com.almasb.fxgl.notification.impl.NotificationServiceProvider, class com.almasb.fxgl.achievement.AchievementService, class com.almasb.fxgl.cutscene.CutsceneService, class com.almasb.fxgl.minigames.MiniGameService, class com.almasb.fxgl.net.NetService, class com.almasb.fxgl.app.services.UpdaterService, class com.almasb.fxgl.dev.DevService]
19:25:07.779 [FXGL Background Thread 3 ] DEBUG Engine               - fontGame: Abel-Regular.ttf
19:25:07.780 [FXGL Background Thread 3 ] DEBUG Engine               - fontMono: TerminalLandMono-Regular.otf
19:25:07.780 [FXGL Background Thread 3 ] DEBUG Engine               - fontSizeScaleUI: 1.0
19:25:07.780 [FXGL Background Thread 3 ] DEBUG Engine               - fontText: Courier-Prime.ttf
19:25:07.780 [FXGL Background Thread 3 ] DEBUG Engine               - fontUI: VarelaRound-Regular.ttf
19:25:07.780 [FXGL Background Thread 3 ] DEBUG Engine               - fullScreen: BooleanProperty [value: false]
19:25:07.781 [FXGL Background Thread 3 ] DEBUG Engine               - gameDifficulty: MEDIUM
19:25:07.781 [FXGL Background Thread 3 ] DEBUG Engine               - gameDifficultyProperty: ObjectProperty [value: MEDIUM]
19:25:07.781 [FXGL Background Thread 3 ] DEBUG Engine               - globalMusicVolume: 0.5
19:25:07.781 [FXGL Background Thread 3 ] DEBUG Engine               - globalMusicVolumeProperty: DoubleProperty [value: 0.5]
19:25:07.781 [FXGL Background Thread 3 ] DEBUG Engine               - globalSoundVolume: 0.5
19:25:07.781 [FXGL Background Thread 3 ] DEBUG Engine               - globalSoundVolumeProperty: DoubleProperty [value: 0.5]
19:25:07.781 [FXGL Background Thread 3 ] DEBUG Engine               - height: 800
19:25:07.781 [FXGL Background Thread 3 ] DEBUG Engine               - is3D: false
19:25:07.781 [FXGL Background Thread 3 ] DEBUG Engine               - isAndroid: false
19:25:07.781 [FXGL Background Thread 3 ] DEBUG Engine               - isBrowser: false
19:25:07.781 [FXGL Background Thread 3 ] DEBUG Engine               - isClickFeedbackEnabled: false
19:25:07.782 [FXGL Background Thread 3 ] DEBUG Engine               - isCloseConfirmation: false
19:25:07.782 [FXGL Background Thread 3 ] DEBUG Engine               - isDesktop: true
19:25:07.782 [FXGL Background Thread 3 ] DEBUG Engine               - isDeveloperMenuEnabled: false
19:25:07.782 [FXGL Background Thread 3 ] DEBUG Engine               - isEmbedded: false
19:25:07.782 [FXGL Background Thread 3 ] DEBUG Engine               - isEntityPreloadEnabled: true
19:25:07.782 [FXGL Background Thread 3 ] DEBUG Engine               - isExperimentalTiledLargeMap: false
19:25:07.782 [FXGL Background Thread 3 ] DEBUG Engine               - isFileSystemWriteAllowed: true
19:25:07.782 [FXGL Background Thread 3 ] DEBUG Engine               - isFullScreenAllowed: false
19:25:07.782 [FXGL Background Thread 3 ] DEBUG Engine               - isFullScreenFromStart: false
19:25:07.782 [FXGL Background Thread 3 ] DEBUG Engine               - isGameMenuEnabled: true
19:25:07.782 [FXGL Background Thread 3 ] DEBUG Engine               - isIOS: false
19:25:07.783 [FXGL Background Thread 3 ] DEBUG Engine               - isIntroEnabled: false
19:25:07.783 [FXGL Background Thread 3 ] DEBUG Engine               - isLinux: false
19:25:07.783 [FXGL Background Thread 3 ] DEBUG Engine               - isMac: false
19:25:07.783 [FXGL Background Thread 3 ] DEBUG Engine               - isMainMenuEnabled: false
19:25:07.784 [FXGL Background Thread 3 ] DEBUG Engine               - isManualResizeEnabled: false
19:25:07.784 [FXGL Background Thread 3 ] DEBUG Engine               - isMobile: false
19:25:07.784 [FXGL Background Thread 3 ] DEBUG Engine               - isNative: false
19:25:07.784 [FXGL Background Thread 3 ] DEBUG Engine               - isPauseMusicWhenMinimized: true
19:25:07.784 [FXGL Background Thread 3 ] DEBUG Engine               - isPreserveResizeRatio: false
19:25:07.784 [FXGL Background Thread 3 ] DEBUG Engine               - isProfilingEnabled: false
19:25:07.785 [FXGL Background Thread 3 ] DEBUG Engine               - isScaleAffectedOnResize: true
19:25:07.785 [FXGL Background Thread 3 ] DEBUG Engine               - isSingleStep: false
19:25:07.785 [FXGL Background Thread 3 ] DEBUG Engine               - isUserProfileEnabled: false
19:25:07.785 [FXGL Background Thread 3 ] DEBUG Engine               - isWindows: true
19:25:07.785 [FXGL Background Thread 3 ] DEBUG Engine               - language: ObjectProperty [value: ENGLISH]
19:25:07.785 [FXGL Background Thread 3 ] DEBUG Engine               - menuKey: ESCAPE
19:25:07.785 [FXGL Background Thread 3 ] DEBUG Engine               - mouseSensitivity: 0.2
19:25:07.785 [FXGL Background Thread 3 ] DEBUG Engine               - notificationViewClass: class com.almasb.fxgl.notification.view.XboxNotificationView
19:25:07.786 [FXGL Background Thread 3 ] DEBUG Engine               - pixelsPerMeter: 50.0
19:25:07.786 [FXGL Background Thread 3 ] DEBUG Engine               - platform: WINDOWS
19:25:07.786 [FXGL Background Thread 3 ] DEBUG Engine               - prefHeightProperty: ReadOnlyDoubleProperty [value: 800.0]
19:25:07.786 [FXGL Background Thread 3 ] DEBUG Engine               - prefWidthProperty: ReadOnlyDoubleProperty [value: 1200.0]
19:25:07.786 [FXGL Background Thread 3 ] DEBUG Engine               - profileDir: profiles/
19:25:07.786 [FXGL Background Thread 3 ] DEBUG Engine               - profileName: StringProperty [value: DEFAULT]
19:25:07.786 [FXGL Background Thread 3 ] DEBUG Engine               - randomSeed: -1
19:25:07.787 [FXGL Background Thread 3 ] DEBUG Engine               - runtimeInfo: RuntimeInfo(platform=WINDOWS, version=17.3, build=30.03.2023 11.49)
19:25:07.787 [FXGL Background Thread 3 ] DEBUG Engine               - saveFileExt: sav
19:25:07.787 [FXGL Background Thread 3 ] DEBUG Engine               - scaledHeightProp$fxgl: DoubleProperty [bound, value: 800.0]
19:25:07.787 [FXGL Background Thread 3 ] DEBUG Engine               - scaledWidthProp$fxgl: DoubleProperty [bound, value: 1200.0]
19:25:07.787 [FXGL Background Thread 3 ] DEBUG Engine               - sceneFactory: com.almasb.fxgl.app.scene.SceneFactory@68673fc1
19:25:07.787 [FXGL Background Thread 3 ] DEBUG Engine               - secondsIn24h: 60
19:25:07.787 [FXGL Background Thread 3 ] DEBUG Engine               - soundMenuBack: menu/back.wav
19:25:07.787 [FXGL Background Thread 3 ] DEBUG Engine               - soundMenuPress: menu/press.wav
19:25:07.787 [FXGL Background Thread 3 ] DEBUG Engine               - soundMenuSelect: menu/select.wav
19:25:07.787 [FXGL Background Thread 3 ] DEBUG Engine               - soundNotification: core/notification.wav
19:25:07.787 [FXGL Background Thread 3 ] DEBUG Engine               - stageStyle: DECORATED
19:25:07.789 [FXGL Background Thread 3 ] DEBUG Engine               - supportedLanguages: [ENGLISH, FRENCH, GERMAN, HUNGARIAN, RUSSIAN]
19:25:07.789 [FXGL Background Thread 3 ] DEBUG Engine               - ticksPerSecond: -1
19:25:07.789 [FXGL Background Thread 3 ] DEBUG Engine               - title: Taquería El Mike
19:25:07.789 [FXGL Background Thread 3 ] DEBUG Engine               - urlGithub: https://github.com/AlmasB/FXGL
19:25:07.789 [FXGL Background Thread 3 ] DEBUG Engine               - urlLeaderboard: http://fxgl-top.herokuapp.com/
19:25:07.789 [FXGL Background Thread 3 ] DEBUG Engine               - urlPOM: https://raw.githubusercontent.com/AlmasB/FXGL/release/README.md
19:25:07.789 [FXGL Background Thread 3 ] DEBUG Engine               - userAppClass: class com.simulador.views.GameApp
19:25:07.789 [FXGL Background Thread 3 ] DEBUG Engine               - version: 1.0
19:25:07.790 [FXGL Background Thread 3 ] DEBUG Engine               - versionCheckDays: 7
19:25:07.790 [FXGL Background Thread 3 ] DEBUG Engine               - width: 1200
19:25:07.790 [FXGL Background Thread 3 ] DEBUG Engine               - Logging services
19:25:07.790 [FXGL Background Thread 3 ] DEBUG Engine               - class com.almasb.fxgl.app.services.FXGLAssetLoaderService
19:25:07.790 [FXGL Background Thread 3 ] DEBUG Engine               - class com.almasb.fxgl.app.FXGLApplication$GameApplicationService
19:25:07.790 [FXGL Background Thread 3 ] DEBUG Engine               - class com.almasb.fxgl.app.services.FXGLDialogService
19:25:07.790 [FXGL Background Thread 3 ] DEBUG Engine               - class com.almasb.fxgl.app.services.IOTaskExecutorService
19:25:07.790 [FXGL Background Thread 3 ] DEBUG Engine               - class com.almasb.fxgl.io.FileSystemService
19:25:07.790 [FXGL Background Thread 3 ] DEBUG Engine               - class com.almasb.fxgl.localization.LocalizationService
19:25:07.791 [FXGL Background Thread 3 ] DEBUG Engine               - class com.almasb.fxgl.app.services.SystemBundleService
19:25:07.791 [FXGL Background Thread 3 ] DEBUG Engine               - class com.almasb.fxgl.profile.SaveLoadService
19:25:07.791 [FXGL Background Thread 3 ] DEBUG Engine               - class com.almasb.fxgl.ui.FXGLUIFactoryServiceProvider
19:25:07.791 [FXGL Background Thread 3 ] DEBUG Engine               - class com.almasb.fxgl.ui.FXGLDialogFactoryServiceProvider
19:25:07.791 [FXGL Background Thread 3 ] DEBUG Engine               - class com.almasb.fxgl.audio.AudioPlayer
19:25:07.791 [FXGL Background Thread 3 ] DEBUG Engine               - class com.almasb.fxgl.notification.impl.NotificationServiceProvider
19:25:07.791 [FXGL Background Thread 3 ] DEBUG Engine               - class com.almasb.fxgl.achievement.AchievementService
19:25:07.791 [FXGL Background Thread 3 ] DEBUG Engine               - class com.almasb.fxgl.cutscene.CutsceneService
19:25:07.792 [FXGL Background Thread 3 ] DEBUG Engine               - class com.almasb.fxgl.minigames.MiniGameService
19:25:07.792 [FXGL Background Thread 3 ] DEBUG Engine               - class com.almasb.fxgl.net.NetService
19:25:07.792 [FXGL Background Thread 3 ] DEBUG Engine               - class com.almasb.fxgl.app.services.UpdaterService
19:25:07.792 [FXGL Background Thread 3 ] DEBUG Engine               - class com.almasb.fxgl.dev.DevService
19:25:16.249 [JavaFX Application Thread] DEBUG FXGLApplication      - Exiting FXGL
19:25:16.249 [JavaFX Application Thread] DEBUG Async                - Shutting down background threads
19:25:16.250 [JavaFX Application Thread] DEBUG PrimaryStageWindow   - Closing main window
19:25:16.277 [JavaFX Application Thread] DEBUG Logger               - Closing Logger
