07:27:59.983 [main                     ] DEBUG Logger               - Configured Logger
07:28:00.019 [main                     ] DEBUG GameApplication      - Logging settings
Title: Taquería El Mike
Version: 1.0
Width: 1200
Height: 800
Fullscreen: false
Intro: false
Profiling: false
Single step:false
App Mode: DEVELOPER
Menu Key: ESCAPE
Stage Style: DECORATED
Scene Factory: class com.almasb.fxgl.app.scene.SceneFactory

07:28:01.047 [JavaFX Application Thread] DEBUG FXGLApplication      - Initializing FXGL
07:28:01.059 [JavaFX Application Thread] INFO  Engine               - FXGL-17.3 (30.03.2023 11.49) on WINDOWS (J:17.0.10 FX:20)
07:28:01.059 [JavaFX Application Thread] DEBUG Engine               - JRE Vendor Name: Eclipse Adoptium
07:28:01.060 [JavaFX Application Thread] DEBUG Engine               - Running on OS: Windows 11 version 10.0
07:28:01.060 [JavaFX Application Thread] DEBUG Engine               - Architecture: amd64
07:28:01.060 [JavaFX Application Thread] INFO  Engine               - Source code and latest versions at: https://github.com/AlmasB/FXGL
07:28:01.060 [JavaFX Application Thread] INFO  Engine               -       Ask questions and discuss at: https://github.com/AlmasB/FXGL/discussions
07:28:01.060 [JavaFX Application Thread] INFO  Engine               -              Join the FXGL chat at: https://gitter.im/AlmasB/FXGL
07:28:01.323 [JavaFX Application Thread] DEBUG PrimaryStageWindow   - Creating a JavaFX scene
07:28:01.431 [JavaFX Application Thread] DEBUG PrimaryStageWindow   - Target settings size: 1200.0 x 800.0
07:28:01.432 [JavaFX Application Thread] DEBUG PrimaryStageWindow   - Scaled scene size:    1200.0 x 800.0
07:28:01.432 [JavaFX Application Thread] DEBUG PrimaryStageWindow   - Scaled ratio: (1.0, 1.0)
07:28:01.436 [JavaFX Application Thread] DEBUG PrimaryStageWindow   - Set initial scene to FXGLStartupScene
07:28:01.446 [JavaFX Application Thread] DEBUG PrimaryStageWindow   - Opening main window
07:28:01.611 [JavaFX Application Thread] DEBUG PrimaryStageWindow   - Window border size: (16.0, 39.0)
07:28:01.611 [JavaFX Application Thread] DEBUG PrimaryStageWindow   - Scaled size: 1200.0 x 800.0
07:28:01.612 [JavaFX Application Thread] DEBUG PrimaryStageWindow   - Scaled ratio: (1.0, 1.0)
07:28:01.613 [JavaFX Application Thread] DEBUG PrimaryStageWindow   - Scene size: 1200.0 x 800.0
07:28:01.613 [JavaFX Application Thread] DEBUG PrimaryStageWindow   - Stage size: 1216.0 x 839.0
07:28:01.626 [FXGL Background Thread 1 ] DEBUG Engine               - Initializing environment variables
07:28:01.686 [FXGL Background Thread 1 ] DEBUG FXGLAssetLoaderServi - User app class for loading assets: class com.simulador.views.GameApp
07:28:01.687 [FXGL Background Thread 1 ] DEBUG GameApplicationServi - Applying CSS: fxgl_dark.css
07:28:01.689 [FXGL Background Thread 1 ] DEBUG FXGLAssetLoaderServi - Loading from file system: jar:file:/C:/Users/kenog/.m2/repository/com/github/almasb/fxgl/17.3/fxgl-17.3.jar!/fxglassets/ui/css/fxgl_dark.css
07:28:01.804 [FXGL Background Thread 1 ] DEBUG GameApplicationServi - Initializing application scenes
07:28:01.893 [FXGL Background Thread 1 ] DEBUG GameWorld            - Game world initialized
07:28:02.035 [FXGL Background Thread 1 ] DEBUG PhysicsWorld         - Physics world initialized: appHeight=800, physics.ppm=50.0
07:28:02.036 [FXGL Background Thread 1 ] DEBUG PhysicsWorld         - Using strategy: BRUTE_FORCE
07:28:02.041 [FXGL Background Thread 1 ] DEBUG GameScene            - Game scene initialized: 1200x800
07:28:02.059 [FXGL Background Thread 1 ] DEBUG FXGL.DefaultMenu     - createMenuBodyGameMenu()
07:28:02.092 [FXGL Background Thread 1 ] DEBUG FXGL.DefaultMenu     - createOptionsMenu()
07:28:02.116 [FXGL Background Thread 1 ] DEBUG FXGLAssetLoaderServi - Loading from file system: jar:file:/C:/Users/kenog/.m2/repository/com/github/almasb/fxgl/17.3/fxgl-17.3.jar!/fxglassets/textures/particles/smoke.png
07:28:02.284 [FXGL Background Thread 1 ] DEBUG FXGLAssetLoaderServi - Loading from file system: jar:file:/C:/Users/kenog/.m2/repository/com/github/almasb/fxgl/17.3/fxgl-17.3.jar!/fxglassets/textures/particles/trace_horizontal.png
07:28:02.350 [FXGL Background Thread 1 ] DEBUG GameApplicationServi - Application scenes initialized
07:28:02.381 [FXGL Background Thread 1 ] DEBUG SystemBundleService  - Loading FXGL system data
07:28:02.385 [FXGL Background Thread 1 ] WARN  SystemBundleService  - Failed to load: java.io.FileNotFoundException: C:\Users\kenog\IdeaProjects\223194_223730_SimuladorTaqueria\system\fxgl.bundle (El sistema no puede encontrar el archivo especificado)
07:28:02.386 [FXGL Background Thread 1 ] DEBUG SystemBundleService  - Loading default FXGL system data
07:28:02.386 [FXGL Background Thread 1 ] DEBUG UpdaterService       - Checking for updates
07:28:02.396 [FXGL Background Thread 4 ] DEBUG FXGLApplication      - Loading fonts
07:28:02.397 [FXGL Background Thread 4 ] DEBUG FXGLAssetLoaderServi - Loading from file system: jar:file:/C:/Users/kenog/.m2/repository/com/github/almasb/fxgl/17.3/fxgl-17.3.jar!/fxglassets/ui/fonts/VarelaRound-Regular.ttf
07:28:02.397 [FXGL Background Thread 1 ] DEBUG FXGLApplication      - Loading default localization
07:28:02.399 [FXGL Background Thread 1 ] DEBUG FXGLAssetLoaderServi - Loading from file system: jar:file:/C:/Users/kenog/.m2/repository/com/github/almasb/fxgl/17.3/fxgl-17.3.jar!/fxglassets/languages/english.lang
07:28:02.418 [FXGL Background Thread 4 ] DEBUG FXGLAssetLoaderServi - Loading from file system: jar:file:/C:/Users/kenog/.m2/repository/com/github/almasb/fxgl/17.3/fxgl-17.3.jar!/fxglassets/ui/fonts/Abel-Regular.ttf
07:28:02.431 [FXGL Background Thread 4 ] DEBUG FXGLAssetLoaderServi - Loading from file system: jar:file:/C:/Users/kenog/.m2/repository/com/github/almasb/fxgl/17.3/fxgl-17.3.jar!/fxglassets/ui/fonts/TerminalLandMono-Regular.otf
07:28:02.441 [FXGL Background Thread 4 ] DEBUG FXGLAssetLoaderServi - Loading from file system: jar:file:/C:/Users/kenog/.m2/repository/com/github/almasb/fxgl/17.3/fxgl-17.3.jar!/fxglassets/ui/fonts/Courier-Prime.ttf
07:28:02.442 [FXGL Background Thread 1 ] INFO  FXGLApplication      - FXGL initialization took: 0.816 sec
07:28:02.445 [JavaFX Application Thread] DEBUG FXGLAssetLoaderServi - Loading from file system: jar:file:/C:/Users/kenog/.m2/repository/com/github/almasb/fxgl/17.3/fxgl-17.3.jar!/fxglassets/textures/fxgl_icon.png
07:28:02.495 [JavaFX Application Thread] DEBUG FXGLAssetLoaderServi - Loading from file system: jar:file:/C:/Users/kenog/.m2/repository/com/github/almasb/fxgl/17.3/fxgl-17.3.jar!/fxglassets/textures/fxgl_default_cursor.png
07:28:02.531 [JavaFX Application Thread] DEBUG Input                - Registered new binding: Screenshot - CTRL+8
07:28:02.532 [JavaFX Application Thread] DEBUG Input                - Registered new binding: System info dump - CTRL+9
07:28:02.533 [JavaFX Application Thread] DEBUG Input                - Registered new binding: Restart - CTRL+R
07:28:02.535 [JavaFX Application Thread] DEBUG Input                - Registered new binding: Toggle Debug Camera - CTRL+7
07:28:02.541 [JavaFX Application Thread] DEBUG LoopRunner           - Starting loop
07:28:02.541 [JavaFX Application Thread] DEBUG LoopRunner           - Initializing JavaFX AnimationTimerLoop
07:28:02.546 [JavaFX Application Thread] DEBUG GameApplicationServi - Starting new game
07:28:02.548 [JavaFX Application Thread] DEBUG Input                - Clearing active input actions
07:28:02.586 [JavaFX Application Thread] DEBUG GameApplicationServi - Removing overlay from FXGLStartupScene and adding to FXGLLoadingScene
07:28:02.586 [JavaFX Application Thread] DEBUG PrimaryStageWindow   - FXGLStartupScene -> FXGLLoadingScene
07:28:02.586 [JavaFX Application Thread] DEBUG GameApplicationServi - Clearing previous game
07:28:02.586 [JavaFX Application Thread] DEBUG GameScene            - Clearing game scene
07:28:02.587 [JavaFX Application Thread] DEBUG GameWorld            - Clearing game world
07:28:02.587 [JavaFX Application Thread] DEBUG PhysicsWorld         - Clearing physics world
07:28:02.590 [FXGL Background Thread 4 ] DEBUG FXGLApplication      - Initializing game
07:28:02.602 [FXGL Background Thread 4 ] DEBUG FXGLAssetLoaderServi - Loading from file system: file:/C:/Users/kenog/IdeaProjects/223194_223730_SimuladorTaqueria/target/classes/assets/textures/mesa.png
07:28:02.603 [JavaFX Application Thread] DEBUG FXGLApplication      - Registering font factories with UI factory
07:28:02.659 [FXGL Background Thread 4 ] INFO  FXGLApplication      - Game initialization took: 0.069 sec
07:28:02.710 [JavaFX Application Thread] DEBUG Input                - Clearing active input actions
07:28:02.743 [JavaFX Application Thread] DEBUG GameApplicationServi - Removing overlay from FXGLLoadingScene and adding to GameScene
07:28:02.744 [JavaFX Application Thread] DEBUG PrimaryStageWindow   - FXGLLoadingScene -> GameScene
07:28:03.642 [FXGL Background Thread 2 ] INFO  UpdaterService       - Your current version:  17.3
07:28:03.642 [FXGL Background Thread 2 ] INFO  UpdaterService       - Latest stable version: 21.1
07:28:05.392 [FXGL Background Thread 3 ] DEBUG Engine               - Logging environment variables
07:28:05.392 [FXGL Background Thread 3 ] DEBUG Engine               - achievements: []
07:28:05.392 [FXGL Background Thread 3 ] DEBUG Engine               - actualHeight: 800.0
07:28:05.392 [FXGL Background Thread 3 ] DEBUG Engine               - actualHeightProperty: ReadOnlyDoubleProperty [value: 800.0]
07:28:05.392 [FXGL Background Thread 3 ] DEBUG Engine               - actualWidth: 1200.0
07:28:05.392 [FXGL Background Thread 3 ] DEBUG Engine               - actualWidthProperty: ReadOnlyDoubleProperty [value: 1200.0]
07:28:05.392 [FXGL Background Thread 3 ] DEBUG Engine               - appIcon: fxgl_icon.png
07:28:05.392 [FXGL Background Thread 3 ] DEBUG Engine               - applicationMode: DEVELOPER
07:28:05.392 [FXGL Background Thread 3 ] DEBUG Engine               - cSSList: [fxgl_dark.css]
07:28:05.392 [FXGL Background Thread 3 ] DEBUG Engine               - collisionDetectionStrategy: BRUTE_FORCE
07:28:05.392 [FXGL Background Thread 3 ] DEBUG Engine               - configClass: Optional.empty
07:28:05.392 [FXGL Background Thread 3 ] DEBUG Engine               - credits: []
07:28:05.393 [FXGL Background Thread 3 ] DEBUG Engine               - defaultCursor: CursorInfo(imageName=fxgl_default_cursor.png, hotspotX=7.0, hotspotY=6.0)
07:28:05.393 [FXGL Background Thread 3 ] DEBUG Engine               - devBBoxColorProperty: ObjectProperty [value: 0xff0000ff]
07:28:05.393 [FXGL Background Thread 3 ] DEBUG Engine               - devEnableDebugCameraProperty: BooleanProperty [value: false]
07:28:05.393 [FXGL Background Thread 3 ] DEBUG Engine               - devSensorColorProperty: ObjectProperty [value: 0xffff00ff]
07:28:05.393 [FXGL Background Thread 3 ] DEBUG Engine               - devShowBBoxProperty: BooleanProperty [value: false]
07:28:05.393 [FXGL Background Thread 3 ] DEBUG Engine               - devShowPositionProperty: BooleanProperty [value: false]
07:28:05.393 [FXGL Background Thread 3 ] DEBUG Engine               - enabledMenuItems: []
07:28:05.393 [FXGL Background Thread 3 ] DEBUG Engine               - engineServices: [class com.almasb.fxgl.app.services.FXGLAssetLoaderService, class com.almasb.fxgl.app.FXGLApplication$GameApplicationService, class com.almasb.fxgl.app.services.FXGLDialogService, class com.almasb.fxgl.app.services.IOTaskExecutorService, class com.almasb.fxgl.io.FileSystemService, class com.almasb.fxgl.localization.LocalizationService, class com.almasb.fxgl.app.services.SystemBundleService, class com.almasb.fxgl.profile.SaveLoadService, class com.almasb.fxgl.ui.FXGLUIFactoryServiceProvider, class com.almasb.fxgl.ui.FXGLDialogFactoryServiceProvider, class com.almasb.fxgl.audio.AudioPlayer, class com.almasb.fxgl.notification.impl.NotificationServiceProvider, class com.almasb.fxgl.achievement.AchievementService, class com.almasb.fxgl.cutscene.CutsceneService, class com.almasb.fxgl.minigames.MiniGameService, class com.almasb.fxgl.net.NetService, class com.almasb.fxgl.app.services.UpdaterService, class com.almasb.fxgl.dev.DevService]
07:28:05.393 [FXGL Background Thread 3 ] DEBUG Engine               - fontGame: Abel-Regular.ttf
07:28:05.393 [FXGL Background Thread 3 ] DEBUG Engine               - fontMono: TerminalLandMono-Regular.otf
07:28:05.393 [FXGL Background Thread 3 ] DEBUG Engine               - fontSizeScaleUI: 1.0
07:28:05.393 [FXGL Background Thread 3 ] DEBUG Engine               - fontText: Courier-Prime.ttf
07:28:05.393 [FXGL Background Thread 3 ] DEBUG Engine               - fontUI: VarelaRound-Regular.ttf
07:28:05.394 [FXGL Background Thread 3 ] DEBUG Engine               - fullScreen: BooleanProperty [value: false]
07:28:05.394 [FXGL Background Thread 3 ] DEBUG Engine               - gameDifficulty: MEDIUM
07:28:05.394 [FXGL Background Thread 3 ] DEBUG Engine               - gameDifficultyProperty: ObjectProperty [value: MEDIUM]
07:28:05.394 [FXGL Background Thread 3 ] DEBUG Engine               - globalMusicVolume: 0.5
07:28:05.394 [FXGL Background Thread 3 ] DEBUG Engine               - globalMusicVolumeProperty: DoubleProperty [value: 0.5]
07:28:05.394 [FXGL Background Thread 3 ] DEBUG Engine               - globalSoundVolume: 0.5
07:28:05.394 [FXGL Background Thread 3 ] DEBUG Engine               - globalSoundVolumeProperty: DoubleProperty [value: 0.5]
07:28:05.394 [FXGL Background Thread 3 ] DEBUG Engine               - height: 800
07:28:05.394 [FXGL Background Thread 3 ] DEBUG Engine               - is3D: false
07:28:05.394 [FXGL Background Thread 3 ] DEBUG Engine               - isAndroid: false
07:28:05.394 [FXGL Background Thread 3 ] DEBUG Engine               - isBrowser: false
07:28:05.394 [FXGL Background Thread 3 ] DEBUG Engine               - isClickFeedbackEnabled: false
07:28:05.394 [FXGL Background Thread 3 ] DEBUG Engine               - isCloseConfirmation: false
07:28:05.394 [FXGL Background Thread 3 ] DEBUG Engine               - isDesktop: true
07:28:05.394 [FXGL Background Thread 3 ] DEBUG Engine               - isDeveloperMenuEnabled: false
07:28:05.394 [FXGL Background Thread 3 ] DEBUG Engine               - isEmbedded: false
07:28:05.394 [FXGL Background Thread 3 ] DEBUG Engine               - isEntityPreloadEnabled: true
07:28:05.394 [FXGL Background Thread 3 ] DEBUG Engine               - isExperimentalTiledLargeMap: false
07:28:05.394 [FXGL Background Thread 3 ] DEBUG Engine               - isFileSystemWriteAllowed: true
07:28:05.395 [FXGL Background Thread 3 ] DEBUG Engine               - isFullScreenAllowed: false
07:28:05.395 [FXGL Background Thread 3 ] DEBUG Engine               - isFullScreenFromStart: false
07:28:05.395 [FXGL Background Thread 3 ] DEBUG Engine               - isGameMenuEnabled: true
07:28:05.395 [FXGL Background Thread 3 ] DEBUG Engine               - isIOS: false
07:28:05.395 [FXGL Background Thread 3 ] DEBUG Engine               - isIntroEnabled: false
07:28:05.395 [FXGL Background Thread 3 ] DEBUG Engine               - isLinux: false
07:28:05.395 [FXGL Background Thread 3 ] DEBUG Engine               - isMac: false
07:28:05.395 [FXGL Background Thread 3 ] DEBUG Engine               - isMainMenuEnabled: false
07:28:05.395 [FXGL Background Thread 3 ] DEBUG Engine               - isManualResizeEnabled: false
07:28:05.395 [FXGL Background Thread 3 ] DEBUG Engine               - isMobile: false
07:28:05.396 [FXGL Background Thread 3 ] DEBUG Engine               - isNative: false
07:28:05.396 [FXGL Background Thread 3 ] DEBUG Engine               - isPauseMusicWhenMinimized: true
07:28:05.396 [FXGL Background Thread 3 ] DEBUG Engine               - isPreserveResizeRatio: false
07:28:05.396 [FXGL Background Thread 3 ] DEBUG Engine               - isProfilingEnabled: false
07:28:05.396 [FXGL Background Thread 3 ] DEBUG Engine               - isScaleAffectedOnResize: true
07:28:05.396 [FXGL Background Thread 3 ] DEBUG Engine               - isSingleStep: false
07:28:05.396 [FXGL Background Thread 3 ] DEBUG Engine               - isUserProfileEnabled: false
07:28:05.396 [FXGL Background Thread 3 ] DEBUG Engine               - isWindows: true
07:28:05.396 [FXGL Background Thread 3 ] DEBUG Engine               - language: ObjectProperty [value: ENGLISH]
07:28:05.396 [FXGL Background Thread 3 ] DEBUG Engine               - menuKey: ESCAPE
07:28:05.396 [FXGL Background Thread 3 ] DEBUG Engine               - mouseSensitivity: 0.2
07:28:05.396 [FXGL Background Thread 3 ] DEBUG Engine               - notificationViewClass: class com.almasb.fxgl.notification.view.XboxNotificationView
07:28:05.396 [FXGL Background Thread 3 ] DEBUG Engine               - pixelsPerMeter: 50.0
07:28:05.396 [FXGL Background Thread 3 ] DEBUG Engine               - platform: WINDOWS
07:28:05.396 [FXGL Background Thread 3 ] DEBUG Engine               - prefHeightProperty: ReadOnlyDoubleProperty [value: 800.0]
07:28:05.396 [FXGL Background Thread 3 ] DEBUG Engine               - prefWidthProperty: ReadOnlyDoubleProperty [value: 1200.0]
07:28:05.396 [FXGL Background Thread 3 ] DEBUG Engine               - profileDir: profiles/
07:28:05.396 [FXGL Background Thread 3 ] DEBUG Engine               - profileName: StringProperty [value: DEFAULT]
07:28:05.396 [FXGL Background Thread 3 ] DEBUG Engine               - randomSeed: -1
07:28:05.396 [FXGL Background Thread 3 ] DEBUG Engine               - runtimeInfo: RuntimeInfo(platform=WINDOWS, version=17.3, build=30.03.2023 11.49)
07:28:05.396 [FXGL Background Thread 3 ] DEBUG Engine               - saveFileExt: sav
07:28:05.396 [FXGL Background Thread 3 ] DEBUG Engine               - scaledHeightProp$fxgl: DoubleProperty [bound, value: 800.0]
07:28:05.396 [FXGL Background Thread 3 ] DEBUG Engine               - scaledWidthProp$fxgl: DoubleProperty [bound, value: 1200.0]
07:28:05.396 [FXGL Background Thread 3 ] DEBUG Engine               - sceneFactory: com.almasb.fxgl.app.scene.SceneFactory@16b35913
07:28:05.396 [FXGL Background Thread 3 ] DEBUG Engine               - secondsIn24h: 60
07:28:05.396 [FXGL Background Thread 3 ] DEBUG Engine               - soundMenuBack: menu/back.wav
07:28:05.396 [FXGL Background Thread 3 ] DEBUG Engine               - soundMenuPress: menu/press.wav
07:28:05.396 [FXGL Background Thread 3 ] DEBUG Engine               - soundMenuSelect: menu/select.wav
07:28:05.396 [FXGL Background Thread 3 ] DEBUG Engine               - soundNotification: core/notification.wav
07:28:05.396 [FXGL Background Thread 3 ] DEBUG Engine               - stageStyle: DECORATED
07:28:05.396 [FXGL Background Thread 3 ] DEBUG Engine               - supportedLanguages: [ENGLISH, FRENCH, GERMAN, HUNGARIAN, RUSSIAN]
07:28:05.398 [FXGL Background Thread 3 ] DEBUG Engine               - ticksPerSecond: -1
07:28:05.398 [FXGL Background Thread 3 ] DEBUG Engine               - title: Taquería El Mike
07:28:05.398 [FXGL Background Thread 3 ] DEBUG Engine               - urlGithub: https://github.com/AlmasB/FXGL
07:28:05.398 [FXGL Background Thread 3 ] DEBUG Engine               - urlLeaderboard: http://fxgl-top.herokuapp.com/
07:28:05.398 [FXGL Background Thread 3 ] DEBUG Engine               - urlPOM: https://raw.githubusercontent.com/AlmasB/FXGL/release/README.md
07:28:05.398 [FXGL Background Thread 3 ] DEBUG Engine               - userAppClass: class com.simulador.views.GameApp
07:28:05.398 [FXGL Background Thread 3 ] DEBUG Engine               - version: 1.0
07:28:05.398 [FXGL Background Thread 3 ] DEBUG Engine               - versionCheckDays: 7
07:28:05.398 [FXGL Background Thread 3 ] DEBUG Engine               - width: 1200
07:28:05.398 [FXGL Background Thread 3 ] DEBUG Engine               - Logging services
07:28:05.398 [FXGL Background Thread 3 ] DEBUG Engine               - class com.almasb.fxgl.app.services.FXGLAssetLoaderService
07:28:05.398 [FXGL Background Thread 3 ] DEBUG Engine               - class com.almasb.fxgl.app.FXGLApplication$GameApplicationService
07:28:05.398 [FXGL Background Thread 3 ] DEBUG Engine               - class com.almasb.fxgl.app.services.FXGLDialogService
07:28:05.398 [FXGL Background Thread 3 ] DEBUG Engine               - class com.almasb.fxgl.app.services.IOTaskExecutorService
07:28:05.398 [FXGL Background Thread 3 ] DEBUG Engine               - class com.almasb.fxgl.io.FileSystemService
07:28:05.398 [FXGL Background Thread 3 ] DEBUG Engine               - class com.almasb.fxgl.localization.LocalizationService
07:28:05.398 [FXGL Background Thread 3 ] DEBUG Engine               - class com.almasb.fxgl.app.services.SystemBundleService
07:28:05.398 [FXGL Background Thread 3 ] DEBUG Engine               - class com.almasb.fxgl.profile.SaveLoadService
07:28:05.398 [FXGL Background Thread 3 ] DEBUG Engine               - class com.almasb.fxgl.ui.FXGLUIFactoryServiceProvider
07:28:05.398 [FXGL Background Thread 3 ] DEBUG Engine               - class com.almasb.fxgl.ui.FXGLDialogFactoryServiceProvider
07:28:05.398 [FXGL Background Thread 3 ] DEBUG Engine               - class com.almasb.fxgl.audio.AudioPlayer
07:28:05.398 [FXGL Background Thread 3 ] DEBUG Engine               - class com.almasb.fxgl.notification.impl.NotificationServiceProvider
07:28:05.398 [FXGL Background Thread 3 ] DEBUG Engine               - class com.almasb.fxgl.achievement.AchievementService
07:28:05.399 [FXGL Background Thread 3 ] DEBUG Engine               - class com.almasb.fxgl.cutscene.CutsceneService
07:28:05.399 [FXGL Background Thread 3 ] DEBUG Engine               - class com.almasb.fxgl.minigames.MiniGameService
07:28:05.399 [FXGL Background Thread 3 ] DEBUG Engine               - class com.almasb.fxgl.net.NetService
07:28:05.399 [FXGL Background Thread 3 ] DEBUG Engine               - class com.almasb.fxgl.app.services.UpdaterService
07:28:05.399 [FXGL Background Thread 3 ] DEBUG Engine               - class com.almasb.fxgl.dev.DevService
07:28:15.015 [JavaFX Application Thread] DEBUG FXGLApplication      - Exiting FXGL
07:28:15.015 [JavaFX Application Thread] DEBUG LoopRunner           - Stopping loop
07:28:15.016 [JavaFX Application Thread] DEBUG SystemBundleService  - Saving FXGL system data
07:28:15.021 [JavaFX Application Thread] DEBUG FileSystemAccess     - Writing to: C:\Users\kenog\IdeaProjects\223194_223730_SimuladorTaqueria\system\fxgl.bundle
07:28:15.023 [JavaFX Application Thread] DEBUG Async                - Shutting down background threads
07:28:15.023 [JavaFX Application Thread] DEBUG PrimaryStageWindow   - Closing main window
07:28:15.036 [JavaFX Application Thread] DEBUG Logger               - Closing Logger
